Build started 5/2/2019 1:23:50 PM.
     1>Project "C:\Users\gallaoj16\Documents\graphics_final\graphics_final.vcxproj" on node 2 (Build target(s)).
     1>ClCompile:
         C:\Program Files (x86)\Microsoft Visual Studio 11.0\VC\bin\CL.exe /c /Zi /nologo /W1 /WX- /O2 /Oy- /Gm- /EHsc /MD /GS /fp:precise /Zc:wchar_t /Zc:forScope /Fo"bin\\" /Fd"bin\vc110.pdb" /Gd /TP /analyze- /errorReport:prompt src\bullet.cpp src\graphics_final.cpp src\person.cpp src\player.cpp src\world.cpp
         bullet.cpp
         graphics_final.cpp
         person.cpp
         player.cpp
         world.cpp
         Generating Code...
       Link:
         C:\Program Files (x86)\Microsoft Visual Studio 11.0\VC\bin\link.exe /ERRORREPORT:PROMPT /OUT:"C:\Users\gallaoj16\Documents\graphics_final\bin\graphics_final.exe" /NOLOGO kernel32.lib user32.lib gdi32.lib winspool.lib comdlg32.lib advapi32.lib shell32.lib ole32.lib oleaut32.lib uuid.lib odbc32.lib odbccp32.lib /MANIFEST /MANIFESTUAC:"level='asInvoker' uiAccess='false'" /manifest:embed /PDB:"C:\Users\gallaoj16\Documents\graphics_final\bin\graphics_final.pdb" /TLBID:1 /DYNAMICBASE /NXCOMPAT /IMPLIB:"C:\Users\gallaoj16\Documents\graphics_final\bin\graphics_final.lib" /MACHINE:X86 /SAFESEH bin\bullet.obj
         bin\camera.obj
         bin\graphics_final.obj
         bin\matrixutils.obj
         bin\ovector.obj
         bin\person.obj
         bin\player.obj
         bin\world.obj
         graphics_final.vcxproj -> C:\Users\gallaoj16\Documents\graphics_final\bin\graphics_final.exe
     1>Done Building Project "C:\Users\gallaoj16\Documents\graphics_final\graphics_final.vcxproj" (Build target(s)).

Build succeeded.

Time Elapsed 00:00:03.86
